<?xml version="1.0" encoding="UTF-8"?>
<!-- Generated by org.testng.reporters.JUnitXMLReporter -->
<testsuite hostname="LAPTOP-DNLKQT7N" ignored="1" name="Default test" tests="1" failures="0" timestamp="2021-05-09T23:29:51 IST" time="1.058" errors="0">
  <testcase name="runScenario" time="0.385" classname="io.cucumber.testng.AbstractTestNGCucumberTests"/>
  <testcase name="Test" time="0.0" classname="runner.RunCukes">
    <ignored/>
  </testcase> <!-- Test -->
</testsuite> <!-- Default test -->
