<?xml version="1.0" encoding="UTF-8"?>
<testng-results skipped="0" failed="0" ignored="1" total="2" passed="1">
  <reporter-output>
  </reporter-output>
  <suite name="Default suite" duration-ms="1058" started-at="2021-05-09T23:29:49 IST" finished-at="2021-05-09T23:29:51 IST">
    <groups>
      <group name="cucumber">
        <method signature="AbstractTestNGCucumberTests.runScenario(io.cucumber.testng.PickleWrapper,io.cucumber.testng.FeatureWrapper)[pri:0, instance:runner.RunCukes@78ac1102]" name="runScenario" class="io.cucumber.testng.AbstractTestNGCucumberTests"/>
      </group> <!-- cucumber -->
    </groups>
    <test name="Default test" duration-ms="1058" started-at="2021-05-09T23:29:49 IST" finished-at="2021-05-09T23:29:51 IST">
      <class name="runner.RunCukes">
        <test-method status="PASS" signature="beforeTesst()[pri:0, instance:runner.RunCukes@78ac1102]" name="beforeTesst" is-config="true" duration-ms="30" started-at="2021-05-09T23:29:49 IST" finished-at="2021-05-09T23:29:50 IST">
          <reporter-output>
          </reporter-output>
        </test-method> <!-- beforeTesst -->
        <test-method status="PASS" signature="setUpClass()[pri:0, instance:runner.RunCukes@78ac1102]" name="setUpClass" is-config="true" duration-ms="544" started-at="2021-05-09T23:29:50 IST" finished-at="2021-05-09T23:29:50 IST">
          <reporter-output>
          </reporter-output>
        </test-method> <!-- setUpClass -->
        <test-method status="PASS" signature="runScenario(io.cucumber.testng.PickleWrapper,io.cucumber.testng.FeatureWrapper)[pri:0, instance:runner.RunCukes@78ac1102]" name="runScenario" duration-ms="385" started-at="2021-05-09T23:29:50 IST" description="Runs Cucumber Scenarios" data-provider="scenarios" finished-at="2021-05-09T23:29:50 IST">
          <params>
            <param index="0">
              <value>
                <![CDATA["User is able to add the place"]]>
              </value>
            </param>
            <param index="1">
              <value>
                <![CDATA["Optional[Work with AppPlaceAPI]"]]>
              </value>
            </param>
          </params>
          <reporter-output>
          </reporter-output>
        </test-method> <!-- runScenario -->
        <test-method status="PASS" signature="tearDownClass()[pri:0, instance:runner.RunCukes@78ac1102]" name="tearDownClass" is-config="true" duration-ms="19" started-at="2021-05-09T23:29:51 IST" finished-at="2021-05-09T23:29:51 IST">
          <reporter-output>
          </reporter-output>
        </test-method> <!-- tearDownClass -->
        <test-method status="PASS" signature="afterTest()[pri:0, instance:runner.RunCukes@78ac1102]" name="afterTest" is-config="true" duration-ms="1" started-at="2021-05-09T23:29:51 IST" finished-at="2021-05-09T23:29:51 IST">
          <reporter-output>
          </reporter-output>
        </test-method> <!-- afterTest -->
      </class> <!-- runner.RunCukes -->
    </test> <!-- Default test -->
  </suite> <!-- Default suite -->
</testng-results>
